[22:49:22] [main/INFO]: Setting user: ForgeDevName
[22:49:24] [Client thread/INFO]: LWJGL Version: 2.9.1
[22:49:55] [Client thread/INFO]: Reloading ResourceManager: Default, FMLFileResourcePack:Forge Mod Loader, FMLFileResourcePack:Minecraft Forge, FMLFileResourcePack:Electronic Absorption Module
[22:49:56] [Sound Library Loader/INFO]: Sound engine started
[22:50:00] [Client thread/INFO]: Created: 512x256 textures/blocks-atlas
[22:50:00] [Client thread/INFO]: Created: 256x256 textures/items-atlas
[22:50:00] [Client thread/INFO]: Reloading ResourceManager: Default, FMLFileResourcePack:Forge Mod Loader, FMLFileResourcePack:Minecraft Forge, FMLFileResourcePack:Electronic Absorption Module
[22:50:01] [Client thread/INFO]: Created: 256x256 textures/items-atlas
[22:50:01] [Client thread/INFO]: Created: 512x256 textures/blocks-atlas
[22:50:02] [Sound Library Loader/INFO]: Sound engine started
[22:50:32] [Server thread/INFO]: Starting integrated minecraft server version 1.7.10
[22:50:32] [Server thread/INFO]: Generating keypair
[22:50:32] [Server thread/INFO]: Converting map!
[22:50:32] [Server thread/INFO]: Scanning folders...
[22:50:32] [Server thread/INFO]: Total conversion count is 0
[22:50:33] [Server thread/INFO]: Preparing start region for level 0
[22:50:34] [Server thread/INFO]: Changing view distance to 12, from 10
[22:50:40] [Server thread/INFO]: Stopping server
[22:50:40] [Server thread/INFO]: Saving players
[22:50:40] [Server thread/INFO]: Saving worlds
[22:50:40] [Server thread/INFO]: Saving chunks for level 'DevWorld'/Overworld
[22:50:40] [Server thread/INFO]: Saving chunks for level 'DevWorld'/Nether
[22:50:40] [Server thread/INFO]: Saving chunks for level 'DevWorld'/The End
[22:50:41] [Server thread/INFO]: Starting integrated minecraft server version 1.7.10
[22:50:41] [Server thread/INFO]: Generating keypair
[22:50:41] [Server thread/INFO]: Preparing start region for level 0
[22:50:42] [Server thread/INFO]: Changing view distance to 12, from 10
[22:50:42] [Server thread/INFO]: ForgeDevName[local:E:2b55324c] logged in with entity id 0 at (-389.5, 4.0, 364.5)
[22:50:42] [Server thread/INFO]: ForgeDevName joined the game
[22:50:46] [Server thread/INFO]: ForgeDevName has just earned the achievement [Taking Inventory]
[22:50:46] [Client thread/INFO]: [CHAT] ForgeDevName has just earned the achievement [Taking Inventory]
[22:50:50] [Server thread/INFO]: Saving and pausing game...
[22:50:50] [Server thread/INFO]: Saving chunks for level 'DevWorld'/Overworld
[22:50:50] [Server thread/INFO]: Saving chunks for level 'DevWorld'/Nether
[22:50:50] [Server thread/INFO]: Saving chunks for level 'DevWorld'/The End
[22:50:51] [Server thread/INFO]: Stopping server
[22:50:51] [Server thread/INFO]: Saving players
[22:50:51] [Server thread/INFO]: Saving worlds
[22:50:51] [Server thread/INFO]: Saving chunks for level 'DevWorld'/Overworld
[22:50:51] [Server thread/INFO]: Saving chunks for level 'DevWorld'/Nether
[22:50:51] [Server thread/INFO]: Saving chunks for level 'DevWorld'/The End
[22:50:52] [Client thread/INFO]: Stopping!
